[14-Sep-2024 23:01:28 UTC] WP_Post::__set_state(array(
   'ID' => 1850,
   'post_author' => '2',
   'post_date' => '2024-09-13 18:30:45',
   'post_date_gmt' => '2024-09-14 00:30:45',
   'post_content' => 'Lista de paises y grupos',
   'post_title' => 'Pais Grupo',
   'post_excerpt' => '',
   'post_status' => 'publish',
   'comment_status' => 'closed',
   'ping_status' => 'closed',
   'post_password' => '',
   'post_name' => 'pais-grupo',
   'to_ping' => '',
   'pinged' => '',
   'post_modified' => '2024-09-13 18:30:45',
   'post_modified_gmt' => '2024-09-14 00:30:45',
   'post_content_filtered' => '',
   'post_parent' => 0,
   'guid' => 'https://servidor-1.com/kromamoney.com/pais-grupo/',
   'menu_order' => 0,
   'post_type' => 'page',
   'post_mime_type' => '',
   'comment_count' => '0',
   'filter' => 'raw',
))
[14-Sep-2024 23:07:56 UTC] WP_Post::__set_state(array(
   'ID' => 1850,
   'post_author' => '2',
   'post_date' => '2024-09-13 18:30:45',
   'post_date_gmt' => '2024-09-14 00:30:45',
   'post_content' => 'Lista de paises y grupos',
   'post_title' => 'Pais Grupo',
   'post_excerpt' => '',
   'post_status' => 'publish',
   'comment_status' => 'closed',
   'ping_status' => 'closed',
   'post_password' => '',
   'post_name' => 'pais-grupo',
   'to_ping' => '',
   'pinged' => '',
   'post_modified' => '2024-09-13 18:30:45',
   'post_modified_gmt' => '2024-09-14 00:30:45',
   'post_content_filtered' => '',
   'post_parent' => 0,
   'guid' => 'https://servidor-1.com/kromamoney.com/pais-grupo/',
   'menu_order' => 0,
   'post_type' => 'page',
   'post_mime_type' => '',
   'comment_count' => '0',
   'filter' => 'raw',
))
[14-Sep-2024 23:21:33 UTC] PHP Notice:  Undefined variable: paginaprincipal in /home/ezra2007/public_html/kromamoney.com/wp-content/plugins/filtro-categoria/filtro-paginapaisgrupo.php on line 69
[14-Sep-2024 23:21:33 UTC] PHP Notice:  Undefined variable: paginaprincipal in /home/ezra2007/public_html/kromamoney.com/wp-content/plugins/filtro-categoria/filtro-paginapaisgrupo.php on line 23
[14-Sep-2024 23:21:33 UTC] PHP Warning:  A non-numeric value encountered in /home/ezra2007/public_html/kromamoney.com/wp-content/plugins/filtro-categoria/filtro-paginapaisgrupo.php on line 71
[14-Sep-2024 23:21:33 UTC] PHP Warning:  A non-numeric value encountered in /home/ezra2007/public_html/kromamoney.com/wp-content/plugins/filtro-categoria/filtro-paginapaisgrupo.php on line 71
[14-Sep-2024 23:21:33 UTC] 0
[14-Sep-2024 23:22:43 UTC] PHP Notice:  Undefined variable: paginaprincipal in /home/ezra2007/public_html/kromamoney.com/wp-content/plugins/filtro-categoria/filtro-paginapaisgrupo.php on line 44
[14-Sep-2024 23:22:43 UTC] PHP Notice:  Undefined variable: paginaprincipal in /home/ezra2007/public_html/kromamoney.com/wp-content/plugins/filtro-categoria/filtro-paginapaisgrupo.php on line 21
[14-Sep-2024 23:22:43 UTC] WP_Post::__set_state(array(
   'ID' => 2,
   'post_author' => '1',
   'post_date' => '2024-08-13 04:22:16',
   'post_date_gmt' => '2024-08-13 04:22:16',
   'post_content' => '[et_pb_section fb_built="1" admin_label="section" _builder_version="4.27.0" width="100%" max_width="100%" module_alignment="center" custom_margin="0px||0px||false|false" custom_padding="0px|0px|0px|0px|false|false" global_colors_info="{}"][et_pb_row admin_label="row" _builder_version="4.27.0" background_size="initial" background_position="top_left" background_repeat="repeat" width="100%" max_width="100%" custom_margin="0px||0px||false|false" custom_padding="0px|0px|0px|0px|false|false" global_colors_info="{}"][et_pb_column type="4_4" _builder_version="4.16" custom_padding="|||" global_colors_info="{}" custom_padding__hover="|||"][et_pb_code _builder_version="4.27.0" _module_preset="default" custom_margin="0px||0px||false|false" custom_padding="0px||0px|0px|false|false" global_colors_info="{}"][smartslider3 slider="3"][/et_pb_code][/et_pb_column][/et_pb_row][/et_pb_section]',
   'post_title' => 'Inicio',
   'post_excerpt' => '',
   'post_status' => 'trash',
   'comment_status' => 'closed',
   'ping_status' => 'open',
   'post_password' => '',
   'post_name' => 'home__trashed',
   'to_ping' => '',
   'pinged' => '',
   'post_modified' => '2024-09-14 17:21:33',
   'post_modified_gmt' => '2024-09-14 23:21:33',
   'post_content_filtered' => '',
   'post_parent' => 0,
   'guid' => 'https://servidor-1.com/kromamoney.com/?page_id=2',
   'menu_order' => 0,
   'post_type' => 'page',
   'post_mime_type' => '',
   'comment_count' => '0',
   'filter' => 'raw',
))
[14-Sep-2024 23:24:48 UTC] PHP Notice:  Undefined variable: paginaprincipal in /home/ezra2007/public_html/kromamoney.com/wp-content/plugins/filtro-categoria/filtro-paginapaisgrupo.php on line 67
[14-Sep-2024 23:24:48 UTC] PHP Warning:  A non-numeric value encountered in /home/ezra2007/public_html/kromamoney.com/wp-content/plugins/filtro-categoria/filtro-paginapaisgrupo.php on line 69
[14-Sep-2024 23:24:48 UTC] PHP Warning:  A non-numeric value encountered in /home/ezra2007/public_html/kromamoney.com/wp-content/plugins/filtro-categoria/filtro-paginapaisgrupo.php on line 69
[14-Sep-2024 23:24:48 UTC] 0
[17-Sep-2024 00:45:14 UTC] WordPress database error Deadlock found when trying to get lock; try restarting transaction for query DELETE FROM `lMNz5_options` WHERE `option_name` = '_site_transient_wp_theme_files_patterns-a767db3832ac24a5c9c6288d0d28c499' made by require_once('wp-load.php'), require_once('wp-config.php'), require_once('wp-settings.php'), do_action('init'), WP_Hook->do_action, WP_Hook->apply_filters, _register_theme_block_patterns, WP_Theme->get_block_patterns, WP_Theme->get_pattern_cache, get_site_transient, delete_site_option, delete_network_option, delete_option
[17-Sep-2024 00:45:14 UTC] PHP Warning:  Cannot modify header information - headers already sent by (output started at /home/ezra2007/public_html/kromamoney.com/wp-includes/class-wpdb.php:1849) in /home/ezra2007/public_html/kromamoney.com/wp-includes/http.php on line 521
[17-Sep-2024 00:45:14 UTC] PHP Warning:  Cannot modify header information - headers already sent by (output started at /home/ezra2007/public_html/kromamoney.com/wp-includes/class-wpdb.php:1849) in /home/ezra2007/public_html/kromamoney.com/wp-includes/http.php on line 522
[17-Sep-2024 00:45:14 UTC] PHP Warning:  Cannot modify header information - headers already sent by (output started at /home/ezra2007/public_html/kromamoney.com/wp-includes/class-wpdb.php:1849) in /home/ezra2007/public_html/kromamoney.com/wp-admin/admin-ajax.php on line 27
[17-Sep-2024 00:45:14 UTC] PHP Warning:  Cannot modify header information - headers already sent by (output started at /home/ezra2007/public_html/kromamoney.com/wp-includes/class-wpdb.php:1849) in /home/ezra2007/public_html/kromamoney.com/wp-admin/admin-ajax.php on line 28
[17-Sep-2024 00:45:14 UTC] PHP Warning:  Cannot modify header information - headers already sent by (output started at /home/ezra2007/public_html/kromamoney.com/wp-includes/class-wpdb.php:1849) in /home/ezra2007/public_html/kromamoney.com/wp-includes/functions.php on line 6995
[17-Sep-2024 00:45:14 UTC] PHP Warning:  Cannot modify header information - headers already sent by (output started at /home/ezra2007/public_html/kromamoney.com/wp-includes/class-wpdb.php:1849) in /home/ezra2007/public_html/kromamoney.com/wp-admin/includes/misc.php on line 1438
[17-Sep-2024 00:45:14 UTC] PHP Warning:  Cannot modify header information - headers already sent by (output started at /home/ezra2007/public_html/kromamoney.com/wp-includes/class-wpdb.php:1849) in /home/ezra2007/public_html/kromamoney.com/wp-includes/functions.php on line 7108
